#
# A fatal error has been detected by the Java Runtime Environment:
#
#  EXCEPTION_ACCESS_VIOLATION (0xc0000005) at pc=0x000007feff65928a, pid=28572, tid=5484
#
# JRE version: Java(TM) SE Runtime Environment (8.0_66-b17) (build 1.8.0_66-b17)
# Java VM: Java HotSpot(TM) 64-Bit Server VM (25.66-b17 mixed mode windows-amd64 compressed oops)
# Problematic frame:
# C  [ole32.dll+0x2928a]
#
# Failed to write core dump. Minidumps are not enabled by default on client versions of Windows
#
# If you would like to submit a bug report, please visit:
#   http://bugreport.java.com/bugreport/crash.jsp
# The crash happened outside the Java Virtual Machine in native code.
# See problematic frame for where to report the bug.
#

---------------  T H R E A D  ---------------

Current thread (0x0000000057338000):  JavaThread "Finalizer" daemon [_thread_in_native, id=5484, stack(0x0000000058400000,0x0000000058500000)]

siginfo: ExceptionCode=0xc0000005, reading address 0x000000006310e580

Registers:
RAX=0x000007feff7d7d50, RBX=0x000000006310e560, RCX=0x00000000631d59a8, RDX=0x0000000000100009
RSP=0x00000000584ff1e0, RBP=0x00000000584ff350, RSI=0x00000000631d59a8, RDI=0x00000000631d59a0
R8 =0x0000000000000000, R9 =0x0000000000000000, R10=0x0000000000000000, R11=0x0000000000000001
R12=0x00000000ffffffff, R13=0x00000000584ff410, R14=0x0000000000000000, R15=0x000007feff8053d8
RIP=0x000007feff65928a, EFLAGS=0x0000000000010206

Top of Stack: (sp=0x00000000584ff1e0)
0x00000000584ff1e0:   0000000000000000 0000000064b69556
0x00000000584ff1f0:   0000000057338000 00000000584ff480
0x00000000584ff200:   0000000057338000 00000000584ff480
0x00000000584ff210:   00000000584ff410 0000000000000000
0x00000000584ff220:   00000000631d59a0 000007feff659218
0x00000000584ff230:   0000000000000000 00000000631d59a8
0x00000000584ff240:   00000000584ff350 0000000000000042
0x00000000584ff250:   0000000000000001 000007feff6590ec
0x00000000584ff260:   0000000000000000 0000000000000001
0x00000000584ff270:   00000000584ff350 0000000000000042
0x00000000584ff280:   00000000584ff310 000007feff6593d4
0x00000000584ff290:   00000000631d59a0 0000000000000042
0x00000000584ff2a0:   0000000000000000 00000000584ff310
0x00000000584ff2b0:   00000000584ff310 000007fef4f32510
0x00000000584ff2c0:   0000000080000000 000000006105dd50
0x00000000584ff2d0:   00000000573381f8 0000000002f22a79 

Instructions: (pc=0x000007feff65928a)
0x000007feff65926a:   ec 20 48 8b 59 10 45 33 f6 41 83 cc ff 48 8b f1
0x000007feff65927a:   4c 8d 3d 57 c1 1a 00 49 3b de 0f 84 a6 57 03 00
0x000007feff65928a:   48 8b 4b 20 81 4b 08 82 00 00 00 49 3b ce 0f 85
0x000007feff65929a:   20 77 00 00 48 8b fb 48 8b 1b 49 3b de 75 e1 4c 


Register to memory mapping:

RAX=0x000007feff7d7d50 is an unknown value
RBX=0x000000006310e560 is an unknown value
RCX=0x00000000631d59a8 is an unknown value
RDX=0x0000000000100009 is an unknown value
RSP=0x00000000584ff1e0 is pointing into the stack for thread: 0x0000000057338000
RBP=0x00000000584ff350 is pointing into the stack for thread: 0x0000000057338000
RSI=0x00000000631d59a8 is an unknown value
RDI=0x00000000631d59a0 is an unknown value
R8 =0x0000000000000000 is an unknown value
R9 =0x0000000000000000 is an unknown value
R10=0x0000000000000000 is an unknown value
R11=0x0000000000000001 is an unknown value
R12=0x00000000ffffffff is an unallocated location in the heap
R13=0x00000000584ff410 is pointing into the stack for thread: 0x0000000057338000
R14=0x0000000000000000 is an unknown value
R15=0x000007feff8053d8 is an unknown value


Stack: [0x0000000058400000,0x0000000058500000],  sp=0x00000000584ff1e0,  free space=1020k
Native frames: (J=compiled Java code, j=interpreted, Vv=VM code, C=native code)
C  [ole32.dll+0x2928a]
C  [ole32.dll+0x29218]
C  [ole32.dll+0x290ec]
C  [ole32.dll+0x293d4]
C  [jacob-1.18-M2-x64.dll+0x2510]
C  0x0000000002f226f9

Java frames: (J=compiled Java code, j=interpreted, Vv=VM code)
J 3570  com.jacob.com.Dispatch.release()V (0 bytes) @ 0x0000000002f2267b [0x0000000002f22640+0x3b]
J 3584 C2 com.jacob.com.Dispatch.finalize()V (5 bytes) @ 0x000000000267eaa0 [0x000000000267ea60+0x40]
J 3575 C2 java.lang.ref.Finalizer.access$100(Ljava/lang/ref/Finalizer;Lsun/misc/JavaLangAccess;)V (6 bytes) @ 0x0000000002f2b1f8 [0x0000000002f2b040+0x1b8]
j  java.lang.ref.Finalizer$FinalizerThread.run()V+45
v  ~StubRoutines::call_stub

---------------  P R O C E S S  ---------------

Java Threads: ( => current thread )
  0x000000005df54000 JavaThread "AWT-Shutdown" [_thread_blocked, id=23268, stack(0x0000000059e80000,0x0000000059f80000)]
  0x000000005df53800 JavaThread "TimerQueue" daemon [_thread_blocked, id=16040, stack(0x00000000622a0000,0x00000000623a0000)]
  0x0000000059ca6800 JavaThread "Java2D Disposer" daemon [_thread_blocked, id=31644, stack(0x000000005ff60000,0x0000000060060000)]
  0x000000005df17000 JavaThread "Prism Font Disposer" daemon [_thread_blocked, id=14360, stack(0x000000005f640000,0x000000005f740000)]
  0x0000000059ad7000 JavaThread "Thread-3" daemon [_thread_in_native, id=30700, stack(0x000000005bdb0000,0x000000005beb0000)]
  0x0000000059a82000 JavaThread "Thread-2" daemon [_thread_blocked, id=4308, stack(0x000000005a5b0000,0x000000005a6b0000)]
  0x00000000585a7800 JavaThread "Service Thread" daemon [_thread_blocked, id=24812, stack(0x0000000059170000,0x0000000059270000)]
  0x0000000058522800 JavaThread "C1 CompilerThread2" daemon [_thread_blocked, id=23704, stack(0x0000000059040000,0x0000000059140000)]
  0x000000005739f800 JavaThread "C2 CompilerThread1" daemon [_thread_blocked, id=30928, stack(0x0000000058e50000,0x0000000058f50000)]
  0x000000005739e000 JavaThread "C2 CompilerThread0" daemon [_thread_blocked, id=12736, stack(0x0000000058c40000,0x0000000058d40000)]
  0x0000000058519000 JavaThread "Attach Listener" daemon [_thread_blocked, id=6344, stack(0x0000000058b40000,0x0000000058c40000)]
  0x000000005850b800 JavaThread "Signal Dispatcher" daemon [_thread_blocked, id=26452, stack(0x00000000589c0000,0x0000000058ac0000)]
=>0x0000000057338000 JavaThread "Finalizer" daemon [_thread_in_native, id=5484, stack(0x0000000058400000,0x0000000058500000)]
  0x0000000057331000 JavaThread "Reference Handler" daemon [_thread_blocked, id=19364, stack(0x0000000058250000,0x0000000058350000)]
  0x00000000020c8000 JavaThread "main" [_thread_blocked, id=30992, stack(0x0000000002460000,0x0000000002560000)]

Other Threads:
  0x000000005732d000 VMThread [stack: 0x00000000580a0000,0x00000000581a0000] [id=27512]
  0x00000000585e9800 WatcherThread [stack: 0x00000000592a0000,0x00000000593a0000] [id=15128]

VM state:not at safepoint (normal execution)

VM Mutex/Monitor currently owned by a thread: None

Heap:
 PSYoungGen      total 38400K, used 9540K [0x00000000d5e00000, 0x00000000d8880000, 0x0000000100000000)
  eden space 33280K, 13% used [0x00000000d5e00000,0x00000000d6251ee8,0x00000000d7e80000)
  from space 5120K, 99% used [0x00000000d7e80000,0x00000000d837f2f0,0x00000000d8380000)
  to   space 5120K, 0% used [0x00000000d8380000,0x00000000d8380000,0x00000000d8880000)
 ParOldGen       total 71168K, used 13406K [0x0000000081a00000, 0x0000000085f80000, 0x00000000d5e00000)
  object space 71168K, 18% used [0x0000000081a00000,0x0000000082717ba0,0x0000000085f80000)
 Metaspace       used 26822K, capacity 27734K, committed 28160K, reserved 1073152K
  class space    used 3840K, capacity 4035K, committed 4096K, reserved 1048576K

Card table byte_map: [0x0000000011920000,0x0000000011d20000] byte_map_base: 0x0000000011513000

Marking Bits: (ParMarkBitMap*) 0x000000006523a5b0
 Begin Bits: [0x0000000012670000, 0x0000000014608000)
 End Bits:   [0x0000000014608000, 0x00000000165a0000)

Polling page: 0x0000000000210000

CodeCache: size=245760Kb used=10059Kb max_used=10059Kb free=235700Kb
 bounds [0x0000000002560000, 0x0000000002f40000, 0x0000000011560000]
 total_blobs=4229 nmethods=3394 adapters=745
 compilation: enabled

Compilation events (10 events):
Event: 165.812 Thread 0x0000000058522800 3605       3       java.lang.RuntimeException::<init> (6 bytes)
Event: 165.812 Thread 0x0000000058522800 nmethod 3605 0x00000000026762d0 code [0x0000000002676440, 0x0000000002676628]
Event: 165.812 Thread 0x0000000058522800 3606       3       java.util.concurrent.ThreadPoolExecutor::runStateLessThan (11 bytes)
Event: 165.812 Thread 0x0000000058522800 nmethod 3606 0x0000000002f2a710 code [0x0000000002f2a860, 0x0000000002f2a9f0]
Event: 165.812 Thread 0x0000000058522800 3610       3       java.util.concurrent.ThreadPoolExecutor$AbortPolicy::rejectedExecution (42 bytes)
Event: 165.813 Thread 0x0000000058522800 nmethod 3610 0x0000000002f3c3d0 code [0x0000000002f3c5e0, 0x0000000002f3d0f8]
Event: 165.813 Thread 0x0000000058522800 3613       3       java.util.concurrent.RejectedExecutionException::<init> (6 bytes)
Event: 165.813 Thread 0x0000000058522800 nmethod 3613 0x0000000002a2a750 code [0x0000000002a2a8c0, 0x0000000002a2ab08]
Event: 165.813 Thread 0x0000000058522800 3614       3       java.lang.InterruptedException::<init> (6 bytes)
Event: 165.813 Thread 0x0000000058522800 nmethod 3614 0x0000000002728bd0 code [0x0000000002728d40, 0x0000000002728f28]

GC Heap History (8 events):
Event: 1.073 GC heap before
{Heap before GC invocations=1 (full 0):
 PSYoungGen      total 38400K, used 33280K [0x00000000d5e00000, 0x00000000d8880000, 0x0000000100000000)
  eden space 33280K, 100% used [0x00000000d5e00000,0x00000000d7e80000,0x00000000d7e80000)
  from space 5120K, 0% used [0x00000000d8380000,0x00000000d8380000,0x00000000d8880000)
  to   space 5120K, 0% used [0x00000000d7e80000,0x00000000d7e80000,0x00000000d8380000)
 ParOldGen       total 87552K, used 0K [0x0000000081a00000, 0x0000000086f80000, 0x00000000d5e00000)
  object space 87552K, 0% used [0x0000000081a00000,0x0000000081a00000,0x0000000086f80000)
 Metaspace       used 14253K, capacity 14744K, committed 15104K, reserved 1062912K
  class space    used 2030K, capacity 2183K, committed 2304K, reserved 1048576K
Event: 1.080 GC heap after
Heap after GC invocations=1 (full 0):
 PSYoungGen      total 38400K, used 5096K [0x00000000d5e00000, 0x00000000d8880000, 0x0000000100000000)
  eden space 33280K, 0% used [0x00000000d5e00000,0x00000000d5e00000,0x00000000d7e80000)
  from space 5120K, 99% used [0x00000000d7e80000,0x00000000d837a060,0x00000000d8380000)
  to   space 5120K, 0% used [0x00000000d8380000,0x00000000d8380000,0x00000000d8880000)
 ParOldGen       total 87552K, used 265K [0x0000000081a00000, 0x0000000086f80000, 0x00000000d5e00000)
  object space 87552K, 0% used [0x0000000081a00000,0x0000000081a42770,0x0000000086f80000)
 Metaspace       used 14253K, capacity 14744K, committed 15104K, reserved 1062912K
  class space    used 2030K, capacity 2183K, committed 2304K, reserved 1048576K
}
Event: 4.419 GC heap before
{Heap before GC invocations=2 (full 0):
 PSYoungGen      total 38400K, used 18932K [0x00000000d5e00000, 0x00000000d8880000, 0x0000000100000000)
  eden space 33280K, 41% used [0x00000000d5e00000,0x00000000d6b82fd8,0x00000000d7e80000)
  from space 5120K, 99% used [0x00000000d7e80000,0x00000000d837a060,0x00000000d8380000)
  to   space 5120K, 0% used [0x00000000d8380000,0x00000000d8380000,0x00000000d8880000)
 ParOldGen       total 87552K, used 265K [0x0000000081a00000, 0x0000000086f80000, 0x00000000d5e00000)
  object space 87552K, 0% used [0x0000000081a00000,0x0000000081a42770,0x0000000086f80000)
 Metaspace       used 20391K, capacity 21208K, committed 21296K, reserved 1067008K
  class space    used 2978K, capacity 3178K, committed 3200K, reserved 1048576K
Event: 4.430 GC heap after
Heap after GC invocations=2 (full 0):
 PSYoungGen      total 38400K, used 5096K [0x00000000d5e00000, 0x00000000d8880000, 0x0000000100000000)
  eden space 33280K, 0% used [0x00000000d5e00000,0x00000000d5e00000,0x00000000d7e80000)
  from space 5120K, 99% used [0x00000000d8380000,0x00000000d887a050,0x00000000d8880000)
  to   space 5120K, 0% used [0x00000000d7e80000,0x00000000d7e80000,0x00000000d8380000)
 ParOldGen       total 87552K, used 6209K [0x0000000081a00000, 0x0000000086f80000, 0x00000000d5e00000)
  object space 87552K, 7% used [0x0000000081a00000,0x0000000082010680,0x0000000086f80000)
 Metaspace       used 20391K, capacity 21208K, committed 21296K, reserved 1067008K
  class space    used 2978K, capacity 3178K, committed 3200K, reserved 1048576K
}
Event: 4.430 GC heap before
{Heap before GC invocations=3 (full 1):
 PSYoungGen      total 38400K, used 5096K [0x00000000d5e00000, 0x00000000d8880000, 0x0000000100000000)
  eden space 33280K, 0% used [0x00000000d5e00000,0x00000000d5e00000,0x00000000d7e80000)
  from space 5120K, 99% used [0x00000000d8380000,0x00000000d887a050,0x00000000d8880000)
  to   space 5120K, 0% used [0x00000000d7e80000,0x00000000d7e80000,0x00000000d8380000)
 ParOldGen       total 87552K, used 6209K [0x0000000081a00000, 0x0000000086f80000, 0x00000000d5e00000)
  object space 87552K, 7% used [0x0000000081a00000,0x0000000082010680,0x0000000086f80000)
 Metaspace       used 20391K, capacity 21208K, committed 21296K, reserved 1067008K
  class space    used 2978K, capacity 3178K, committed 3200K, reserved 1048576K
Event: 4.464 GC heap after
Heap after GC invocations=3 (full 1):
 PSYoungGen      total 38400K, used 0K [0x00000000d5e00000, 0x00000000d8880000, 0x0000000100000000)
  eden space 33280K, 0% used [0x00000000d5e00000,0x00000000d5e00000,0x00000000d7e80000)
  from space 5120K, 0% used [0x00000000d8380000,0x00000000d8380000,0x00000000d8880000)
  to   space 5120K, 0% used [0x00000000d7e80000,0x00000000d7e80000,0x00000000d8380000)
 ParOldGen       total 71168K, used 9183K [0x0000000081a00000, 0x0000000085f80000, 0x00000000d5e00000)
  object space 71168K, 12% used [0x0000000081a00000,0x00000000822f7c80,0x0000000085f80000)
 Metaspace       used 20391K, capacity 21208K, committed 21296K, reserved 1067008K
  class space    used 2978K, capacity 3178K, committed 3200K, reserved 1048576K
}
Event: 165.701 GC heap before
{Heap before GC invocations=4 (full 1):
 PSYoungGen      total 38400K, used 33280K [0x00000000d5e00000, 0x00000000d8880000, 0x0000000100000000)
  eden space 33280K, 100% used [0x00000000d5e00000,0x00000000d7e80000,0x00000000d7e80000)
  from space 5120K, 0% used [0x00000000d8380000,0x00000000d8380000,0x00000000d8880000)
  to   space 5120K, 0% used [0x00000000d7e80000,0x00000000d7e80000,0x00000000d8380000)
 ParOldGen       total 71168K, used 9183K [0x0000000081a00000, 0x0000000085f80000, 0x00000000d5e00000)
  object space 71168K, 12% used [0x0000000081a00000,0x00000000822f7c80,0x0000000085f80000)
 Metaspace       used 26800K, capacity 27734K, committed 28160K, reserved 1073152K
  class space    used 3839K, capacity 4035K, committed 4096K, reserved 1048576K
Event: 165.733 GC heap after
Heap after GC invocations=4 (full 1):
 PSYoungGen      total 38400K, used 5116K [0x00000000d5e00000, 0x00000000d8880000, 0x0000000100000000)
  eden space 33280K, 0% used [0x00000000d5e00000,0x00000000d5e00000,0x00000000d7e80000)
  from space 5120K, 99% used [0x00000000d7e80000,0x00000000d837f2f0,0x00000000d8380000)
  to   space 5120K, 0% used [0x00000000d8380000,0x00000000d8380000,0x00000000d8880000)
 ParOldGen       total 71168K, used 13406K [0x0000000081a00000, 0x0000000085f80000, 0x00000000d5e00000)
  object space 71168K, 18% used [0x0000000081a00000,0x0000000082717ba0,0x0000000085f80000)
 Metaspace       used 26800K, capacity 27734K, committed 28160K, reserved 1073152K
  class space    used 3839K, capacity 4035K, committed 4096K, reserved 1048576K
}

Deoptimization events (10 events):
Event: 73.854 Thread 0x000000005df52000 Uncommon trap: reason=class_check action=maybe_recompile pc=0x00000000028996c0 method=java.util.HashMap.putVal(ILjava/lang/Object;Ljava/lang/Object;ZZ)Ljava/lang/Object; @ 253
Event: 73.854 Thread 0x000000005df52000 Uncommon trap: reason=class_check action=maybe_recompile pc=0x00000000028996c0 method=java.util.HashMap.putVal(ILjava/lang/Object;Ljava/lang/Object;ZZ)Ljava/lang/Object; @ 253
Event: 73.854 Thread 0x000000005df52000 Uncommon trap: reason=class_check action=maybe_recompile pc=0x00000000028a0f18 method=java.util.HashMap.putVal(ILjava/lang/Object;Ljava/lang/Object;ZZ)Ljava/lang/Object; @ 253
Event: 74.028 Thread 0x000000005df52000 Uncommon trap: reason=class_check action=maybe_recompile pc=0x00000000028274e8 method=java.util.concurrent.locks.ReentrantLock.lock()V @ 4
Event: 74.037 Thread 0x000000005df52000 Uncommon trap: reason=class_check action=maybe_recompile pc=0x00000000028274e8 method=java.util.concurrent.locks.ReentrantLock.lock()V @ 4
Event: 122.365 Thread 0x0000000059a83000 Uncommon trap: reason=unstable_if action=reinterpret pc=0x0000000002c54244 method=javafx.scene.Node.updateLocalToParentTransform()V @ 4
Event: 123.385 Thread 0x0000000059a83000 Uncommon trap: reason=unstable_if action=reinterpret pc=0x0000000002e20c7c method=java.lang.Math.round(D)J @ 48
Event: 123.386 Thread 0x0000000059a65000 Uncommon trap: reason=unstable_if action=reinterpret pc=0x0000000002d46c0c method=java.lang.Math.round(F)I @ 36
Event: 126.542 Thread 0x000000005df52000 Uncommon trap: reason=unstable_if action=reinterpret pc=0x0000000002e009c4 method=com.jacob.com.VariantUtilities.objectsToVariants([Ljava/lang/Object;)[Lcom/jacob/com/Variant; @ 4
Event: 126.744 Thread 0x000000005df52000 Uncommon trap: reason=class_check action=maybe_recompile pc=0x00000000028274e8 method=java.util.concurrent.locks.ReentrantLock.lock()V @ 4

Internal exceptions (10 events):
Event: 0.443 Thread 0x0000000059a39800 Exception <a 'java/lang/NullPointerException'> (0x00000000d686f540) thrown at [C:\re\workspace\8-2-build-windows-amd64-cygwin\jdk8u66\4988\hotspot\src\share\vm\interpreter\linkResolver.cpp, line 1178]
Event: 0.613 Thread 0x0000000059a83000 Exception <a 'java/io/FileNotFoundException'> (0x00000000d6fa3b88) thrown at [C:\re\workspace\8-2-build-windows-amd64-cygwin\jdk8u66\4988\hotspot\src\share\vm\prims\jni.cpp, line 709]
Event: 0.713 Thread 0x0000000059a83000 Exception <a 'java/lang/NullPointerException'> (0x00000000d739efd8) thrown at [C:\re\workspace\8-2-build-windows-amd64-cygwin\jdk8u66\4988\hotspot\src\share\vm\interpreter\linkResolver.cpp, line 1178]
Event: 0.713 Thread 0x0000000059a83000 Exception <a 'java/lang/NullPointerException'> (0x00000000d739efd8) thrown at [C:\re\workspace\8-2-build-windows-amd64-cygwin\jdk8u66\4988\hotspot\src\share\vm\prims\jvm.cpp, line 1390]
Event: 4.313 Thread 0x0000000059a83000 Exception <a 'java/io/FileNotFoundException'> (0x00000000d698e680) thrown at [C:\re\workspace\8-2-build-windows-amd64-cygwin\jdk8u66\4988\hotspot\src\share\vm\prims\jni.cpp, line 709]
Event: 4.367 Thread 0x0000000059a83000 Exception <a 'java/io/FileNotFoundException'> (0x00000000d69f9e80) thrown at [C:\re\workspace\8-2-build-windows-amd64-cygwin\jdk8u66\4988\hotspot\src\share\vm\prims\jni.cpp, line 709]
Event: 4.705 Thread 0x0000000059a83000 Implicit null exception at 0x0000000002783e06 to 0x000000000278413d
Event: 4.705 Thread 0x0000000059a83000 Implicit null exception at 0x0000000002770a46 to 0x0000000002770d6d
Event: 165.695 Thread 0x00000000588b8800 Exception <a 'java/net/SocketException': Socket closed> (0x00000000d7e63398) thrown at [C:\re\workspace\8-2-build-windows-amd64-cygwin\jdk8u66\4988\hotspot\src\share\vm\prims\jni.cpp, line 735]
Event: 165.810 Thread 0x0000000059ca6800 Exception <a 'java/lang/InterruptedException'> (0x00000000d6229b48) thrown at [C:\re\workspace\8-2-build-windows-amd64-cygwin\jdk8u66\4988\hotspot\src\share\vm\runtime\objectMonitor.cpp, line 1494]

Events (10 events):
Event: 165.794 Thread 0x0000000058522800 flushing nmethod 0x0000000002a2a750
Event: 165.794 Thread 0x0000000058522800 flushing nmethod 0x0000000002a47490
Event: 165.794 Thread 0x0000000058522800 flushing nmethod 0x0000000002a504d0
Event: 165.794 Thread 0x0000000058522800 flushing nmethod 0x0000000002a7bfd0
Event: 165.800 Thread 0x000000005739f800 flushing nmethod 0x0000000002b1b010
Event: 165.800 Thread 0x000000005739f800 flushing nmethod 0x0000000002b47290
Event: 165.810 Thread 0x000000005df54000 Thread added: 0x000000005df54000
Event: 165.820 Executing VM operation: RevokeBias
Event: 165.820 Executing VM operation: RevokeBias done
Event: 165.820 Thread 0x0000000059c9d800 Thread exited: 0x0000000059c9d800


Dynamic libraries:
0x000000013fcb0000 - 0x000000013fce7000 	D:\Program Files\Java\jre1.8.0_66\bin\javaw.exe
0x0000000077780000 - 0x000000007792a000 	C:\Windows\SYSTEM32\ntdll.dll
0x0000000077660000 - 0x000000007777f000 	C:\Windows\system32\kernel32.dll
0x000007fefde40000 - 0x000007fefdeaa000 	C:\Windows\system32\KERNELBASE.dll
0x000007feff480000 - 0x000007feff55b000 	C:\Windows\system32\ADVAPI32.dll
0x000007feff250000 - 0x000007feff2ef000 	C:\Windows\system32\msvcrt.dll
0x000007feff230000 - 0x000007feff24f000 	C:\Windows\SYSTEM32\sechost.dll
0x000007feff8e0000 - 0x000007feffa0d000 	C:\Windows\system32\RPCRT4.dll
0x00000000771e0000 - 0x00000000772da000 	C:\Windows\system32\USER32.dll
0x000007fefe0c0000 - 0x000007fefe127000 	C:\Windows\system32\GDI32.dll
0x000007fefef70000 - 0x000007fefef7e000 	C:\Windows\system32\LPK.dll
0x000007feff560000 - 0x000007feff629000 	C:\Windows\system32\USP10.dll
0x000007fefccf0000 - 0x000007fefcee4000 	C:\Windows\WinSxS\amd64_microsoft.windows.common-controls_6595b64144ccf1df_6.0.7601.18837_none_fa3b1e3d17594757\COMCTL32.dll
0x000007fefefd0000 - 0x000007feff041000 	C:\Windows\system32\SHLWAPI.dll
0x000007fefe130000 - 0x000007fefe15e000 	C:\Windows\system32\IMM32.DLL
0x000007fefdfb0000 - 0x000007fefe0b9000 	C:\Windows\system32\MSCTF.dll
0x00000000647b0000 - 0x0000000064882000 	D:\Program Files\Java\jre1.8.0_66\bin\msvcr100.dll
0x0000000064a30000 - 0x00000000652b9000 	D:\Program Files\Java\jre1.8.0_66\bin\server\jvm.dll
0x000007fef9710000 - 0x000007fef9719000 	C:\Windows\system32\WSOCK32.dll
0x000007fefef80000 - 0x000007fefefcd000 	C:\Windows\system32\WS2_32.dll
0x000007feff2f0000 - 0x000007feff2f8000 	C:\Windows\system32\NSI.dll
0x000007fefb920000 - 0x000007fefb95b000 	C:\Windows\system32\WINMM.dll
0x000007fefc9b0000 - 0x000007fefc9bc000 	C:\Windows\system32\VERSION.dll
0x0000000077940000 - 0x0000000077947000 	C:\Windows\system32\PSAPI.DLL
0x000000006fe40000 - 0x000000006fe4f000 	D:\Program Files\Java\jre1.8.0_66\bin\verify.dll
0x000000006fe10000 - 0x000000006fe39000 	D:\Program Files\Java\jre1.8.0_66\bin\java.dll
0x000000006fdf0000 - 0x000000006fe06000 	D:\Program Files\Java\jre1.8.0_66\bin\zip.dll
0x000007fefe160000 - 0x000007fefeee9000 	C:\Windows\system32\SHELL32.dll
0x000007feff630000 - 0x000007feff833000 	C:\Windows\system32\ole32.dll
0x000007fefdbe0000 - 0x000007fefdbef000 	C:\Windows\system32\profapi.dll
0x000000006fdd0000 - 0x000000006fdea000 	D:\Program Files\Java\jre1.8.0_66\bin\net.dll
0x000007fefd410000 - 0x000007fefd465000 	C:\Windows\system32\mswsock.dll
0x000007fefd400000 - 0x000007fefd407000 	C:\Windows\System32\wship6.dll
0x000007fef2c90000 - 0x000007fef2d7f000 	D:\Program Files\Java\jre1.8.0_66\bin\msvcr120.dll
0x000007fef4cb0000 - 0x000007fef4d56000 	D:\Program Files\Java\jre1.8.0_66\bin\msvcp120.dll
0x000000006ecf0000 - 0x000000006ed13000 	D:\Program Files\Java\jre1.8.0_66\bin\prism_d3d.dll
0x000007fedcd40000 - 0x000007fedcf3f000 	C:\Windows\system32\d3d9.dll
0x000007fefa8f0000 - 0x000007fefa8f7000 	C:\Windows\system32\d3d8thk.dll
0x000007fefbf10000 - 0x000007fefbf28000 	C:\Windows\system32\dwmapi.dll
0x000007fefc4e0000 - 0x000007fefc536000 	C:\Windows\system32\uxtheme.dll
0x00000000653b0000 - 0x00000000653f3000 	D:\Program Files\Java\jre1.8.0_66\bin\glass.dll
0x000007feff300000 - 0x000007feff397000 	C:\Windows\system32\COMDLG32.dll
0x000007feff3a0000 - 0x000007feff478000 	C:\Windows\system32\OLEAUT32.dll
0x000007fefdb10000 - 0x000007fefdb1f000 	C:\Windows\system32\CRYPTBASE.dll
0x000000006eb90000 - 0x000000006eba4000 	D:\Program Files\Java\jre1.8.0_66\bin\javafx_font.dll
0x000007fef4f70000 - 0x000007fef50ef000 	C:\Windows\system32\dwrite.dll
0x000007feff840000 - 0x000007feff8d9000 	C:\Windows\system32\CLBCatQ.DLL
0x000007fefbce0000 - 0x000007fefbe0a000 	C:\Windows\system32\WindowsCodecs.dll
0x000007fefdab0000 - 0x000007fefdb07000 	C:\Windows\system32\apphelp.dll
0x000007feff050000 - 0x000007feff227000 	C:\Windows\system32\SETUPAPI.dll
0x000007fefdeb0000 - 0x000007fefdee6000 	C:\Windows\system32\CFGMGR32.dll
0x000007fefdef0000 - 0x000007fefdf0a000 	C:\Windows\system32\DEVOBJ.dll
0x000000006f120000 - 0x000000006f136000 	C:\Program Files\Common Files\TortoiseOverlays\TortoiseOverlays.dll
0x000000006f100000 - 0x000000006f117000 	D:\Program Files\TortoiseSVN\bin\TortoiseStub.dll
0x000000006f080000 - 0x000000006f0fd000 	D:\Program Files\TortoiseSVN\bin\TortoiseSVN.dll
0x00000000772e0000 - 0x000000007743b000 	C:\Windows\system32\WININET.dll
0x0000000077950000 - 0x0000000077953000 	C:\Windows\system32\Normaliz.dll
0x0000000077440000 - 0x0000000077652000 	C:\Windows\system32\iertutil.dll
0x0000000077080000 - 0x00000000771d7000 	C:\Windows\system32\urlmon.dll
0x000007fef5540000 - 0x000007fef59b6000 	D:\Program Files\TortoiseSVN\bin\libsvn_tsvn.dll
0x000000006f050000 - 0x000000006f07e000 	D:\Program Files\TortoiseSVN\bin\libapr_tsvn.dll
0x000007fefae80000 - 0x000007fefaf54000 	C:\Windows\system32\MSVCR110.dll
0x000000006f000000 - 0x000000006f045000 	D:\Program Files\TortoiseSVN\bin\libaprutil_tsvn.dll
0x000007fefef10000 - 0x000007fefef62000 	C:\Windows\system32\WLDAP32.dll
0x000007fef78c0000 - 0x000007fef78d1000 	D:\Program Files\TortoiseSVN\bin\intl3_tsvn.dll
0x000007fef5520000 - 0x000007fef5539000 	D:\Program Files\TortoiseSVN\bin\libsasl.dll
0x000007fefd880000 - 0x000007fefd88b000 	C:\Windows\system32\Secur32.dll
0x000007fefda40000 - 0x000007fefda65000 	C:\Windows\system32\SSPICLI.DLL
0x000007fefdc90000 - 0x000007fefddfc000 	C:\Windows\system32\CRYPT32.dll
0x000007fefdc80000 - 0x000007fefdc8f000 	C:\Windows\system32\MSASN1.dll
0x000007fefadd0000 - 0x000007fefae77000 	C:\Windows\system32\MSVCP110.dll
0x000007fef54e0000 - 0x000007fef5515000 	C:\Windows\system32\EhStorShell.dll
0x000007fefc540000 - 0x000007fefc66c000 	C:\Windows\system32\PROPSYS.dll
0x000007fef7f80000 - 0x000007fef7f8f000 	C:\Windows\system32\CSCAPI.dll
0x000007fef53d0000 - 0x000007fef5450000 	C:\Windows\system32\ntshrui.dll
0x000007fefd710000 - 0x000007fefd733000 	C:\Windows\system32\srvcli.dll
0x000007fefb3b0000 - 0x000007fefb3bb000 	C:\Windows\system32\slc.dll
0x000000006b650000 - 0x000000006b661000 	D:\Program Files\Java\jre1.8.0_66\bin\prism_common.dll
0x0000000060e70000 - 0x0000000061008000 	D:\Program Files\Java\jre1.8.0_66\bin\awt.dll
0x000007fef14a0000 - 0x000007fef1540000 	C:\Windows\WinSxS\amd64_microsoft.windows.common-controls_6595b64144ccf1df_5.82.7601.18837_none_a4d981ff711297b6\comctl32.dll
0x0000000065360000 - 0x00000000653a7000 	D:\Program Files\Java\jre1.8.0_66\bin\fontmanager.dll
0x000000006faf0000 - 0x000000006fb01000 	D:\Program Files\Java\jre1.8.0_66\bin\nio.dll
0x0000000065310000 - 0x0000000065352000 	D:\Program Files\Java\jre1.8.0_66\bin\t2k.dll
0x000007fefb5c0000 - 0x000007fefb5ed000 	C:\Windows\system32\ntmarta.dll
0x000007fef8000000 - 0x000007fef8018000 	C:\Windows\system32\MPR.dll
0x000007fef7ff0000 - 0x000007fef7ffa000 	C:\Windows\System32\drprov.dll
0x000007fefda70000 - 0x000007fefdaad000 	C:\Windows\System32\WINSTA.dll
0x000007fef7fc0000 - 0x000007fef7fe2000 	C:\Windows\System32\ntlanman.dll
0x000007fef7fa0000 - 0x000007fef7fbd000 	C:\Windows\System32\davclnt.dll
0x000007fef7f90000 - 0x000007fef7f9a000 	C:\Windows\System32\DAVHLPR.dll
0x000007fefb820000 - 0x000007fefb835000 	C:\Windows\system32\wkscli.dll
0x000007fefb840000 - 0x000007fefb84c000 	C:\Windows\system32\netutils.dll
0x000007fefde00000 - 0x000007fefde3a000 	C:\Windows\system32\WINTRUST.dll
0x000007fef2c40000 - 0x000007fef2c4c000 	C:\Windows\system32\LINKINFO.dll
0x000007fef4f30000 - 0x000007fef4f68000 	D:\eclipse\jacob-1.18-M2-x64.dll
0x000007fefd650000 - 0x000007fefd667000 	C:\Windows\system32\CRYPTSP.dll
0x000007fefd170000 - 0x000007fefd1b7000 	C:\Windows\system32\rsaenh.dll
0x000007fefdbc0000 - 0x000007fefdbd4000 	C:\Windows\system32\RpcRtRemote.dll
0x000007fefcbd0000 - 0x000007fefcbee000 	C:\Windows\system32\USERENV.dll
0x000007fefacb0000 - 0x000007fefacd7000 	C:\Windows\system32\IPHLPAPI.DLL
0x000007fefaca0000 - 0x000007fefacab000 	C:\Windows\system32\WINNSI.DLL
0x000007fefaa50000 - 0x000007fefaa61000 	C:\Windows\system32\dhcpcsvc6.DLL
0x000007fefaa30000 - 0x000007fefaa48000 	C:\Windows\system32\dhcpcsvc.DLL
0x000007fef3ee0000 - 0x000007fef4005000 	C:\Windows\system32\dbghelp.dll

VM Arguments:
jvm_args: -Dfile.encoding=UTF-8 
java_command: org.eclipse.jdt.internal.junit.runner.RemoteTestRunner -version 3 -port 54355 -testLoaderClass org.eclipse.jdt.internal.junit4.runner.JUnit4TestLoader -loaderpluginname org.eclipse.jdt.junit4.runtime -classNames com.hp.g11n.ss.test.MainTest
java_class_path (initial): D:\HPGit\git\psl-generate-sourcescoring-report\target\test-classes;D:\HPGit\git\psl-generate-sourcescoring-report\target\classes;C:\Users\Administrator\.m2\repository\com\hp\g11n\psl-tasks-core\1.1.1-SNAPSHOT\psl-tasks-core-1.1.1-SNAPSHOT.jar;C:\Users\Administrator\.m2\repository\org\apache\poi\poi-ooxml\3.12\poi-ooxml-3.12.jar;C:\Users\Administrator\.m2\repository\org\apache\poi\poi\3.12\poi-3.12.jar;C:\Users\Administrator\.m2\repository\commons-codec\commons-codec\1.10\commons-codec-1.10.jar;C:\Users\Administrator\.m2\repository\org\apache\poi\poi-ooxml-schemas\3.12\poi-ooxml-schemas-3.12.jar;C:\Users\Administrator\.m2\repository\org\apache\xmlbeans\xmlbeans\2.6.0\xmlbeans-2.6.0.jar;C:\Users\Administrator\.m2\repository\stax\stax-api\1.0.1\stax-api-1.0.1.jar;C:\Users\Administrator\.m2\repository\ch\qos\logback\logback-classic\1.1.3\logback-classic-1.1.3.jar;C:\Users\Administrator\.m2\repository\ch\qos\logback\logback-core\1.1.3\logback-core-1.1.3.jar;C:\Users\Administrator\.m2\repository\com\hp\g11n\psl-tasks-core\1.1.1-SNAPSHOT\psl-tasks-core-1.1.1-SNAPSHOT-tests.jar;C:\Users\Administrator\.m2\repository\com\hp\g11n\jassolo-core\1.2.0\jassolo-core-1.2.0.jar;C:\Users\Administrator\.m2\repository\com\jacob\jacob\1.18-M2\jacob-1.18-M2.jar;C:\Users\Administrator\.m2\repository\com\hp\g11n\core-automation\1.1.1-SNAPSHOT\core-automation-1.1.1-SNAPSHOT.jar;C:\Users\Administrator\.m2\repository\com\hp\g11n\core-g11n\1.1.1-SNAPSHOT\core-g11n-1.1.1-SNAPSHOT.jar;D:\Program Files\Java\jre1.8.0_66\lib\ext\jfxrt.jar;C:\Users\Administrator\.m2\repository\commons-io\commons-io\2.4\commons-io-2.4.jar;C:\Users\Administrator\.m2\repository\javax\mail\javax.mail-api\1.5.4\javax.mail-api-1.5.4.jar;C:\Users\Administrator\.m2\repository\javax\activation\activation\1.1\activation-1.1.jar;C:\Users\Administrator\.m2\repository\org\freemarker\freemarker\2.3.23\freemarker-2.3.23.jar;C:\Users\Administrator\.m2\repository\org\apache\commons\commons-email\1.4\commo
Launcher Type: SUN_STANDARD

Environment Variables:
JAVA_HOME=D:\Program Files\Java\jdk1.8.0_66
CLASSPATH=.;D:\Program Files\Java\jdk1.8.0_66\lib\dt.jar;D:\Program Files\Java\jdk1.8.0_66\lib\tools.jar;
PATH=D:/Program Files/Java/jre1.8.0_66/bin/server;D:/Program Files/Java/jre1.8.0_66/bin;D:/Program Files/Java/jre1.8.0_66/lib/amd64;C:\ProgramData\Oracle\Java\javapath;D:\Program Files (x86)\apache-maven-3.0.3\bin;D:\Program Files\Java\jdk1.8.0_66\bin;D:\Program Files\Java\jdk1.8.0_66\jre\bin;C:\Windows\system32;C:\Windows;C:\Windows\System32\Wbem;C:\Windows\System32\WindowsPowerShell\v1.0\;c:\Program Files\WIDCOMM\Bluetooth Software\;c:\Program Files\WIDCOMM\Bluetooth Software\syswow64;C:\Program Files (x86)\AMD\ATI.ACE\Core-Static;D:\Program Files\TortoiseSVN\bin;D:\eclipse;
USERNAME=Administrator
OS=Windows_NT
PROCESSOR_IDENTIFIER=Intel64 Family 6 Model 61 Stepping 4, GenuineIntel



---------------  S Y S T E M  ---------------

OS: Windows 7 , 64 bit Build 7601 (6.1.7601.23392)

CPU:total 4 (2 cores per cpu, 2 threads per core) family 6 model 61 stepping 4, cmov, cx8, fxsr, mmx, sse, sse2, sse3, ssse3, sse4.1, sse4.2, popcnt, avx, avx2, aes, clmul, erms, 3dnowpref, lzcnt, ht, tsc, tscinvbit, bmi1, bmi2, adx

Memory: 4k page, physical 8277104k(3367572k free), swap 16552352k(11148512k free)

vm_info: Java HotSpot(TM) 64-Bit Server VM (25.66-b17) for windows-amd64 JRE (1.8.0_66-b17), built on Oct  6 2015 18:55:33 by "java_re" with MS VC++ 10.0 (VS2010)

time: Thu Aug 04 11:10:08 2016
elapsed time: 165 seconds (0d 0h 2m 45s)

